Build output check failed:
    Regex: 'command line option .* is valid for .* but not for C\+\+'
    Output line: 'cc1plus: warning: command line option ‘-Wmissing-prototypes’ is valid for C/ObjC but not for C++'
Compilation failed:
    source file: '/home/pi/interactive_faces/code/node_modules/opencv-build/opencv/build/CMakeFiles/CMakeTmp/src.cxx'
    check option: ' -fsigned-char -W -Wall -Werror=return-type -Werror=non-virtual-dtor -Werror=address -Werror=sequence-point -Wformat -Werror=format-security -Wmissing-declarations  -Wmissing-prototypes'
===== BUILD LOG =====
Change Dir: /home/pi/interactive_faces/code/node_modules/opencv-build/opencv/build/CMakeFiles/CMakeTmp

Run Build Command:"/usr/bin/make" "cmTC_6dcbd/fast"
/usr/bin/make -f CMakeFiles/cmTC_6dcbd.dir/build.make CMakeFiles/cmTC_6dcbd.dir/build
make[1]: Entering directory '/home/pi/interactive_faces/code/node_modules/opencv-build/opencv/build/CMakeFiles/CMakeTmp'
Building CXX object CMakeFiles/cmTC_6dcbd.dir/src.cxx.o
/usr/bin/c++     -O3 -DNDEBUG -fPIE   -fsigned-char -W -Wall -Werror=return-type -Werror=non-virtual-dtor -Werror=address -Werror=sequence-point -Wformat -Werror=format-security -Wmissing-declarations -Wmissing-prototypes -o CMakeFiles/cmTC_6dcbd.dir/src.cxx.o -c /home/pi/interactive_faces/code/node_modules/opencv-build/opencv/build/CMakeFiles/CMakeTmp/src.cxx
cc1plus: warning: command line option ‘-Wmissing-prototypes’ is valid for C/ObjC but not for C++
/home/pi/interactive_faces/code/node_modules/opencv-build/opencv/build/CMakeFiles/CMakeTmp/src.cxx:1:0: warning: ignoring #pragma   [-Wunknown-pragmas]
 #pragma
 
Linking CXX executable cmTC_6dcbd
/usr/bin/cmake -E cmake_link_script CMakeFiles/cmTC_6dcbd.dir/link.txt --verbose=1
/usr/bin/c++     -O3 -DNDEBUG    CMakeFiles/cmTC_6dcbd.dir/src.cxx.o  -o cmTC_6dcbd -rdynamic 
make[1]: Leaving directory '/home/pi/interactive_faces/code/node_modules/opencv-build/opencv/build/CMakeFiles/CMakeTmp'

===== END =====

Build output check failed:
    Regex: 'command line option .* is valid for .* but not for C\+\+'
    Output line: 'cc1plus: warning: command line option ‘-Wstrict-prototypes’ is valid for C/ObjC but not for C++'
Compilation failed:
    source file: '/home/pi/interactive_faces/code/node_modules/opencv-build/opencv/build/CMakeFiles/CMakeTmp/src.cxx'
    check option: ' -fsigned-char -W -Wall -Werror=return-type -Werror=non-virtual-dtor -Werror=address -Werror=sequence-point -Wformat -Werror=format-security -Wmissing-declarations  -Wstrict-prototypes'
===== BUILD LOG =====
Change Dir: /home/pi/interactive_faces/code/node_modules/opencv-build/opencv/build/CMakeFiles/CMakeTmp

Run Build Command:"/usr/bin/make" "cmTC_187e3/fast"
/usr/bin/make -f CMakeFiles/cmTC_187e3.dir/build.make CMakeFiles/cmTC_187e3.dir/build
make[1]: Entering directory '/home/pi/interactive_faces/code/node_modules/opencv-build/opencv/build/CMakeFiles/CMakeTmp'
Building CXX object CMakeFiles/cmTC_187e3.dir/src.cxx.o
/usr/bin/c++     -O3 -DNDEBUG -fPIE   -fsigned-char -W -Wall -Werror=return-type -Werror=non-virtual-dtor -Werror=address -Werror=sequence-point -Wformat -Werror=format-security -Wmissing-declarations -Wstrict-prototypes -o CMakeFiles/cmTC_187e3.dir/src.cxx.o -c /home/pi/interactive_faces/code/node_modules/opencv-build/opencv/build/CMakeFiles/CMakeTmp/src.cxx
cc1plus: warning: command line option ‘-Wstrict-prototypes’ is valid for C/ObjC but not for C++
/home/pi/interactive_faces/code/node_modules/opencv-build/opencv/build/CMakeFiles/CMakeTmp/src.cxx:1:0: warning: ignoring #pragma   [-Wunknown-pragmas]
 #pragma
 
Linking CXX executable cmTC_187e3
/usr/bin/cmake -E cmake_link_script CMakeFiles/cmTC_187e3.dir/link.txt --verbose=1
/usr/bin/c++     -O3 -DNDEBUG    CMakeFiles/cmTC_187e3.dir/src.cxx.o  -o cmTC_187e3 -rdynamic 
make[1]: Leaving directory '/home/pi/interactive_faces/code/node_modules/opencv-build/opencv/build/CMakeFiles/CMakeTmp'

===== END =====

Build output check failed:
    Regex: 'command line option .* is valid for .* but not for C'
    Output line: 'cc1: warning: command line option ‘-Wsign-promo’ is valid for C++/ObjC++ but not for C'
Compilation failed:
    source file: '/home/pi/interactive_faces/code/node_modules/opencv-build/opencv/build/CMakeFiles/CMakeTmp/src.c'
    check option: ' -fsigned-char -W -Wall -Werror=return-type -Werror=non-virtual-dtor -Werror=address -Werror=sequence-point -Wformat -Werror=format-security -Wmissing-declarations -Wmissing-prototypes -Wstrict-prototypes -Wundef -Winit-self -Wpointer-arith -Wshadow  -Wsign-promo'
===== BUILD LOG =====
Change Dir: /home/pi/interactive_faces/code/node_modules/opencv-build/opencv/build/CMakeFiles/CMakeTmp

Run Build Command:"/usr/bin/make" "cmTC_a3aa5/fast"
/usr/bin/make -f CMakeFiles/cmTC_a3aa5.dir/build.make CMakeFiles/cmTC_a3aa5.dir/build
make[1]: Entering directory '/home/pi/interactive_faces/code/node_modules/opencv-build/opencv/build/CMakeFiles/CMakeTmp'
Building C object CMakeFiles/cmTC_a3aa5.dir/src.c.o
/usr/bin/cc    -O3 -DNDEBUG -fPIE   -fsigned-char -W -Wall -Werror=return-type -Werror=non-virtual-dtor -Werror=address -Werror=sequence-point -Wformat -Werror=format-security -Wmissing-declarations -Wmissing-prototypes -Wstrict-prototypes -Wundef -Winit-self -Wpointer-arith -Wshadow -Wsign-promo -o CMakeFiles/cmTC_a3aa5.dir/src.c.o   -c /home/pi/interactive_faces/code/node_modules/opencv-build/opencv/build/CMakeFiles/CMakeTmp/src.c
cc1: warning: command line option ‘-Wsign-promo’ is valid for C++/ObjC++ but not for C
/home/pi/interactive_faces/code/node_modules/opencv-build/opencv/build/CMakeFiles/CMakeTmp/src.c:1:0: warning: ignoring #pragma   [-Wunknown-pragmas]
 #pragma
 
Linking C executable cmTC_a3aa5
/usr/bin/cmake -E cmake_link_script CMakeFiles/cmTC_a3aa5.dir/link.txt --verbose=1
/usr/bin/cc    -O3 -DNDEBUG    CMakeFiles/cmTC_a3aa5.dir/src.c.o  -o cmTC_a3aa5 -rdynamic 
make[1]: Leaving directory '/home/pi/interactive_faces/code/node_modules/opencv-build/opencv/build/CMakeFiles/CMakeTmp'

===== END =====

Build output check failed:
    Regex: 'command line option .* is valid for .* but not for C'
    Output line: 'cc1: warning: command line option ‘-Wno-delete-non-virtual-dtor’ is valid for C++/ObjC++ but not for C'
Compilation failed:
    source file: '/home/pi/interactive_faces/code/node_modules/opencv-build/opencv/build/CMakeFiles/CMakeTmp/src.c'
    check option: ' -fsigned-char -W -Wall -Werror=return-type -Werror=non-virtual-dtor -Werror=address -Werror=sequence-point -Wformat -Werror=format-security -Wmissing-declarations -Wmissing-prototypes -Wstrict-prototypes -Wundef -Winit-self -Wpointer-arith -Wshadow -Wuninitialized -Winit-self -Wno-narrowing  -Wno-delete-non-virtual-dtor'
===== BUILD LOG =====
Change Dir: /home/pi/interactive_faces/code/node_modules/opencv-build/opencv/build/CMakeFiles/CMakeTmp

Run Build Command:"/usr/bin/make" "cmTC_b5219/fast"
/usr/bin/make -f CMakeFiles/cmTC_b5219.dir/build.make CMakeFiles/cmTC_b5219.dir/build
make[1]: Entering directory '/home/pi/interactive_faces/code/node_modules/opencv-build/opencv/build/CMakeFiles/CMakeTmp'
Building C object CMakeFiles/cmTC_b5219.dir/src.c.o
/usr/bin/cc    -O3 -DNDEBUG -fPIE   -fsigned-char -W -Wall -Werror=return-type -Werror=non-virtual-dtor -Werror=address -Werror=sequence-point -Wformat -Werror=format-security -Wmissing-declarations -Wmissing-prototypes -Wstrict-prototypes -Wundef -Winit-self -Wpointer-arith -Wshadow -Wuninitialized -Winit-self -Wno-narrowing -Wno-delete-non-virtual-dtor -o CMakeFiles/cmTC_b5219.dir/src.c.o   -c /home/pi/interactive_faces/code/node_modules/opencv-build/opencv/build/CMakeFiles/CMakeTmp/src.c
cc1: warning: command line option ‘-Wno-delete-non-virtual-dtor’ is valid for C++/ObjC++ but not for C
/home/pi/interactive_faces/code/node_modules/opencv-build/opencv/build/CMakeFiles/CMakeTmp/src.c:1:0: warning: ignoring #pragma   [-Wunknown-pragmas]
 #pragma
 
Linking C executable cmTC_b5219
/usr/bin/cmake -E cmake_link_script CMakeFiles/cmTC_b5219.dir/link.txt --verbose=1
/usr/bin/cc    -O3 -DNDEBUG    CMakeFiles/cmTC_b5219.dir/src.c.o  -o cmTC_b5219 -rdynamic 
make[1]: Leaving directory '/home/pi/interactive_faces/code/node_modules/opencv-build/opencv/build/CMakeFiles/CMakeTmp'

===== END =====

Build output check failed:
    Regex: 'unrecognized .*option'
    Output line: 'cc1plus: warning: unrecognized command line option ‘-Wno-unnamed-type-template-args’'
Compilation failed:
    source file: '/home/pi/interactive_faces/code/node_modules/opencv-build/opencv/build/CMakeFiles/CMakeTmp/src.cxx'
    check option: ' -fsigned-char -W -Wall -Werror=return-type -Werror=non-virtual-dtor -Werror=address -Werror=sequence-point -Wformat -Werror=format-security -Wmissing-declarations -Wundef -Winit-self -Wpointer-arith -Wshadow -Wsign-promo -Wuninitialized -Winit-self -Wno-narrowing -Wno-delete-non-virtual-dtor  -Wno-unnamed-type-template-args'
===== BUILD LOG =====
Change Dir: /home/pi/interactive_faces/code/node_modules/opencv-build/opencv/build/CMakeFiles/CMakeTmp

Run Build Command:"/usr/bin/make" "cmTC_b65c0/fast"
/usr/bin/make -f CMakeFiles/cmTC_b65c0.dir/build.make CMakeFiles/cmTC_b65c0.dir/build
make[1]: Entering directory '/home/pi/interactive_faces/code/node_modules/opencv-build/opencv/build/CMakeFiles/CMakeTmp'
Building CXX object CMakeFiles/cmTC_b65c0.dir/src.cxx.o
/usr/bin/c++     -O3 -DNDEBUG -fPIE   -fsigned-char -W -Wall -Werror=return-type -Werror=non-virtual-dtor -Werror=address -Werror=sequence-point -Wformat -Werror=format-security -Wmissing-declarations -Wundef -Winit-self -Wpointer-arith -Wshadow -Wsign-promo -Wuninitialized -Winit-self -Wno-narrowing -Wno-delete-non-virtual-dtor -Wno-unnamed-type-template-args -o CMakeFiles/cmTC_b65c0.dir/src.cxx.o -c /home/pi/interactive_faces/code/node_modules/opencv-build/opencv/build/CMakeFiles/CMakeTmp/src.cxx
/home/pi/interactive_faces/code/node_modules/opencv-build/opencv/build/CMakeFiles/CMakeTmp/src.cxx:1:0: warning: ignoring #pragma   [-Wunknown-pragmas]
 #pragma
 
cc1plus: warning: unrecognized command line option ‘-Wno-unnamed-type-template-args’
Linking CXX executable cmTC_b65c0
/usr/bin/cmake -E cmake_link_script CMakeFiles/cmTC_b65c0.dir/link.txt --verbose=1
/usr/bin/c++     -O3 -DNDEBUG    CMakeFiles/cmTC_b65c0.dir/src.cxx.o  -o cmTC_b65c0 -rdynamic 
make[1]: Leaving directory '/home/pi/interactive_faces/code/node_modules/opencv-build/opencv/build/CMakeFiles/CMakeTmp'

===== END =====

Build output check failed:
    Regex: 'unrecognized .*option'
    Output line: 'cc1: warning: unrecognized command line option ‘-Wno-unnamed-type-template-args’'
Compilation failed:
    source file: '/home/pi/interactive_faces/code/node_modules/opencv-build/opencv/build/CMakeFiles/CMakeTmp/src.c'
    check option: ' -fsigned-char -W -Wall -Werror=return-type -Werror=non-virtual-dtor -Werror=address -Werror=sequence-point -Wformat -Werror=format-security -Wmissing-declarations -Wmissing-prototypes -Wstrict-prototypes -Wundef -Winit-self -Wpointer-arith -Wshadow -Wuninitialized -Winit-self -Wno-narrowing  -Wno-unnamed-type-template-args'
===== BUILD LOG =====
Change Dir: /home/pi/interactive_faces/code/node_modules/opencv-build/opencv/build/CMakeFiles/CMakeTmp

Run Build Command:"/usr/bin/make" "cmTC_498dd/fast"
/usr/bin/make -f CMakeFiles/cmTC_498dd.dir/build.make CMakeFiles/cmTC_498dd.dir/build
make[1]: Entering directory '/home/pi/interactive_faces/code/node_modules/opencv-build/opencv/build/CMakeFiles/CMakeTmp'
Building C object CMakeFiles/cmTC_498dd.dir/src.c.o
/usr/bin/cc    -O3 -DNDEBUG -fPIE   -fsigned-char -W -Wall -Werror=return-type -Werror=non-virtual-dtor -Werror=address -Werror=sequence-point -Wformat -Werror=format-security -Wmissing-declarations -Wmissing-prototypes -Wstrict-prototypes -Wundef -Winit-self -Wpointer-arith -Wshadow -Wuninitialized -Winit-self -Wno-narrowing -Wno-unnamed-type-template-args -o CMakeFiles/cmTC_498dd.dir/src.c.o   -c /home/pi/interactive_faces/code/node_modules/opencv-build/opencv/build/CMakeFiles/CMakeTmp/src.c
/home/pi/interactive_faces/code/node_modules/opencv-build/opencv/build/CMakeFiles/CMakeTmp/src.c:1:0: warning: ignoring #pragma   [-Wunknown-pragmas]
 #pragma
 
cc1: warning: unrecognized command line option ‘-Wno-unnamed-type-template-args’
Linking C executable cmTC_498dd
/usr/bin/cmake -E cmake_link_script CMakeFiles/cmTC_498dd.dir/link.txt --verbose=1
/usr/bin/cc    -O3 -DNDEBUG    CMakeFiles/cmTC_498dd.dir/src.c.o  -o cmTC_498dd -rdynamic 
make[1]: Leaving directory '/home/pi/interactive_faces/code/node_modules/opencv-build/opencv/build/CMakeFiles/CMakeTmp'

===== END =====

Compilation failed:
    source file: '/home/pi/interactive_faces/code/node_modules/opencv-build/opencv/opencv/cmake/checks/cpu_neon.cpp'
    check option: ''
===== BUILD LOG =====
Change Dir: /home/pi/interactive_faces/code/node_modules/opencv-build/opencv/build/CMakeFiles/CMakeTmp

Run Build Command:"/usr/bin/make" "cmTC_20dc2/fast"
/usr/bin/make -f CMakeFiles/cmTC_20dc2.dir/build.make CMakeFiles/cmTC_20dc2.dir/build
make[1]: Entering directory '/home/pi/interactive_faces/code/node_modules/opencv-build/opencv/build/CMakeFiles/CMakeTmp'
Building CXX object CMakeFiles/cmTC_20dc2.dir/cpu_neon.cpp.o
/usr/bin/c++     -O3 -DNDEBUG -fPIE   -o CMakeFiles/cmTC_20dc2.dir/cpu_neon.cpp.o -c /home/pi/interactive_faces/code/node_modules/opencv-build/opencv/opencv/cmake/checks/cpu_neon.cpp
/home/pi/interactive_faces/code/node_modules/opencv-build/opencv/opencv/cmake/checks/cpu_neon.cpp:20:2: error: #error "NEON is not supported"
 #error "NEON is not supported"
  ^~~~~
/home/pi/interactive_faces/code/node_modules/opencv-build/opencv/opencv/cmake/checks/cpu_neon.cpp: In function ‘int main()’:
/home/pi/interactive_faces/code/node_modules/opencv-build/opencv/opencv/cmake/checks/cpu_neon.cpp:25:23: error: ‘test’ was not declared in this scope
   printf("%d\n", test());
                       ^
CMakeFiles/cmTC_20dc2.dir/build.make:65: recipe for target 'CMakeFiles/cmTC_20dc2.dir/cpu_neon.cpp.o' failed
make[1]: *** [CMakeFiles/cmTC_20dc2.dir/cpu_neon.cpp.o] Error 1
make[1]: Leaving directory '/home/pi/interactive_faces/code/node_modules/opencv-build/opencv/build/CMakeFiles/CMakeTmp'
Makefile:126: recipe for target 'cmTC_20dc2/fast' failed
make: *** [cmTC_20dc2/fast] Error 2

===== END =====

Compilation failed:
    source file: '/home/pi/interactive_faces/code/node_modules/opencv-build/opencv/opencv/cmake/checks/cpu_fp16.cpp'
    check option: ''
===== BUILD LOG =====
Change Dir: /home/pi/interactive_faces/code/node_modules/opencv-build/opencv/build/CMakeFiles/CMakeTmp

Run Build Command:"/usr/bin/make" "cmTC_a66a0/fast"
/usr/bin/make -f CMakeFiles/cmTC_a66a0.dir/build.make CMakeFiles/cmTC_a66a0.dir/build
make[1]: Entering directory '/home/pi/interactive_faces/code/node_modules/opencv-build/opencv/build/CMakeFiles/CMakeTmp'
Building CXX object CMakeFiles/cmTC_a66a0.dir/cpu_fp16.cpp.o
/usr/bin/c++     -O3 -DNDEBUG -fPIE   -o CMakeFiles/cmTC_a66a0.dir/cpu_fp16.cpp.o -c /home/pi/interactive_faces/code/node_modules/opencv-build/opencv/opencv/cmake/checks/cpu_fp16.cpp
/home/pi/interactive_faces/code/node_modules/opencv-build/opencv/opencv/cmake/checks/cpu_fp16.cpp: In function ‘int test()’:
/home/pi/interactive_faces/code/node_modules/opencv-build/opencv/opencv/cmake/checks/cpu_fp16.cpp:21:5: error: ‘float16x4_t’ was not declared in this scope
     float16x4_t v_dst = vcvt_f16_f32(v_src);
     ^~~~~~~~~~~
/home/pi/interactive_faces/code/node_modules/opencv-build/opencv/opencv/cmake/checks/cpu_fp16.cpp:22:19: error: expected primary-expression before ‘)’ token
     *(float16x4_t*)dst = v_dst;
                   ^
CMakeFiles/cmTC_a66a0.dir/build.make:65: recipe for target 'CMakeFiles/cmTC_a66a0.dir/cpu_fp16.cpp.o' failed
make[1]: *** [CMakeFiles/cmTC_a66a0.dir/cpu_fp16.cpp.o] Error 1
make[1]: Leaving directory '/home/pi/interactive_faces/code/node_modules/opencv-build/opencv/build/CMakeFiles/CMakeTmp'
Makefile:126: recipe for target 'cmTC_a66a0/fast' failed
make: *** [cmTC_a66a0/fast] Error 2

===== END =====

Compilation failed:
    source file: '/home/pi/interactive_faces/code/node_modules/opencv-build/opencv/opencv/cmake/checks/cpu_fp16.cpp'
    check option: ' -mfpu=neon-fp16'
===== BUILD LOG =====
Change Dir: /home/pi/interactive_faces/code/node_modules/opencv-build/opencv/build/CMakeFiles/CMakeTmp

Run Build Command:"/usr/bin/make" "cmTC_31f93/fast"
/usr/bin/make -f CMakeFiles/cmTC_31f93.dir/build.make CMakeFiles/cmTC_31f93.dir/build
make[1]: Entering directory '/home/pi/interactive_faces/code/node_modules/opencv-build/opencv/build/CMakeFiles/CMakeTmp'
Building CXX object CMakeFiles/cmTC_31f93.dir/cpu_fp16.cpp.o
/usr/bin/c++     -O3 -DNDEBUG -fPIE   -mfpu=neon-fp16 -o CMakeFiles/cmTC_31f93.dir/cpu_fp16.cpp.o -c /home/pi/interactive_faces/code/node_modules/opencv-build/opencv/opencv/cmake/checks/cpu_fp16.cpp
/home/pi/interactive_faces/code/node_modules/opencv-build/opencv/opencv/cmake/checks/cpu_fp16.cpp: In function ‘int test()’:
/home/pi/interactive_faces/code/node_modules/opencv-build/opencv/opencv/cmake/checks/cpu_fp16.cpp:21:5: error: ‘float16x4_t’ was not declared in this scope
     float16x4_t v_dst = vcvt_f16_f32(v_src);
     ^~~~~~~~~~~
/home/pi/interactive_faces/code/node_modules/opencv-build/opencv/opencv/cmake/checks/cpu_fp16.cpp:22:19: error: expected primary-expression before ‘)’ token
     *(float16x4_t*)dst = v_dst;
                   ^
CMakeFiles/cmTC_31f93.dir/build.make:65: recipe for target 'CMakeFiles/cmTC_31f93.dir/cpu_fp16.cpp.o' failed
make[1]: *** [CMakeFiles/cmTC_31f93.dir/cpu_fp16.cpp.o] Error 1
make[1]: Leaving directory '/home/pi/interactive_faces/code/node_modules/opencv-build/opencv/build/CMakeFiles/CMakeTmp'
Makefile:126: recipe for target 'cmTC_31f93/fast' failed
make: *** [cmTC_31f93/fast] Error 2

===== END =====

Build output check failed:
    Regex: 'command line option .* is valid for .* but not for C'
    Output line: 'cc1: warning: command line option ‘-fvisibility-inlines-hidden’ is valid for C++/ObjC++ but not for C'
Compilation failed:
    source file: '/home/pi/interactive_faces/code/node_modules/opencv-build/opencv/build/CMakeFiles/CMakeTmp/src.c'
    check option: ' -fsigned-char -W -Wall -Werror=return-type -Werror=non-virtual-dtor -Werror=address -Werror=sequence-point -Wformat -Werror=format-security -Wmissing-declarations -Wmissing-prototypes -Wstrict-prototypes -Wundef -Winit-self -Wpointer-arith -Wshadow -Wuninitialized -Winit-self -Wno-narrowing -Wno-comment -fdiagnostics-show-option -pthread -fomit-frame-pointer -ffunction-sections -fdata-sections  -mfp16-format=ieee -fvisibility=hidden  -fvisibility-inlines-hidden'
===== BUILD LOG =====
Change Dir: /home/pi/interactive_faces/code/node_modules/opencv-build/opencv/build/CMakeFiles/CMakeTmp

Run Build Command:"/usr/bin/make" "cmTC_6f131/fast"
/usr/bin/make -f CMakeFiles/cmTC_6f131.dir/build.make CMakeFiles/cmTC_6f131.dir/build
make[1]: Entering directory '/home/pi/interactive_faces/code/node_modules/opencv-build/opencv/build/CMakeFiles/CMakeTmp'
Building C object CMakeFiles/cmTC_6f131.dir/src.c.o
/usr/bin/cc    -O3 -DNDEBUG -fPIE   -fsigned-char -W -Wall -Werror=return-type -Werror=non-virtual-dtor -Werror=address -Werror=sequence-point -Wformat -Werror=format-security -Wmissing-declarations -Wmissing-prototypes -Wstrict-prototypes -Wundef -Winit-self -Wpointer-arith -Wshadow -Wuninitialized -Winit-self -Wno-narrowing -Wno-comment -fdiagnostics-show-option -pthread -fomit-frame-pointer -ffunction-sections -fdata-sections -mfp16-format=ieee -fvisibility=hidden -fvisibility-inlines-hidden -o CMakeFiles/cmTC_6f131.dir/src.c.o   -c /home/pi/interactive_faces/code/node_modules/opencv-build/opencv/build/CMakeFiles/CMakeTmp/src.c
cc1: warning: command line option ‘-fvisibility-inlines-hidden’ is valid for C++/ObjC++ but not for C
/home/pi/interactive_faces/code/node_modules/opencv-build/opencv/build/CMakeFiles/CMakeTmp/src.c:1:0: warning: ignoring #pragma   [-Wunknown-pragmas]
 #pragma
 
Linking C executable cmTC_6f131
/usr/bin/cmake -E cmake_link_script CMakeFiles/cmTC_6f131.dir/link.txt --verbose=1
/usr/bin/cc    -O3 -DNDEBUG    CMakeFiles/cmTC_6f131.dir/src.c.o  -o cmTC_6f131 -rdynamic 
make[1]: Leaving directory '/home/pi/interactive_faces/code/node_modules/opencv-build/opencv/build/CMakeFiles/CMakeTmp'

===== END =====

Build output check failed:
    Regex: 'unrecognized .*option'
    Output line: 'cc1: warning: unrecognized command line option ‘-Wno-implicit-fallthrough’'
Compilation failed:
    source file: '/home/pi/interactive_faces/code/node_modules/opencv-build/opencv/build/CMakeFiles/CMakeTmp/src.c'
    check option: ' -Wno-implicit-fallthrough'
===== BUILD LOG =====
Change Dir: /home/pi/interactive_faces/code/node_modules/opencv-build/opencv/build/CMakeFiles/CMakeTmp

Run Build Command:"/usr/bin/make" "cmTC_aa066/fast"
/usr/bin/make -f CMakeFiles/cmTC_aa066.dir/build.make CMakeFiles/cmTC_aa066.dir/build
make[1]: Entering directory '/home/pi/interactive_faces/code/node_modules/opencv-build/opencv/build/CMakeFiles/CMakeTmp'
Building C object CMakeFiles/cmTC_aa066.dir/src.c.o
/usr/bin/cc    -fsigned-char -W -Wall -Werror=return-type -Werror=non-virtual-dtor -Werror=address -Werror=sequence-point -Wformat -Werror=format-security   -Wstrict-prototypes -Wundef -Winit-self -Wpointer-arith  -Wuninitialized -Winit-self -Wno-narrowing -Wno-comment -fdiagnostics-show-option -pthread -fomit-frame-pointer -ffunction-sections -fdata-sections  -mfp16-format=ieee -fvisibility=hidden -Wno-unused-variable -Wno-unused-function -Wno-shadow -Wno-maybe-uninitialized -Wno-missing-prototypes -Wno-missing-declarations  -O3 -DNDEBUG -fPIE   -Wno-implicit-fallthrough -o CMakeFiles/cmTC_aa066.dir/src.c.o   -c /home/pi/interactive_faces/code/node_modules/opencv-build/opencv/build/CMakeFiles/CMakeTmp/src.c
/home/pi/interactive_faces/code/node_modules/opencv-build/opencv/build/CMakeFiles/CMakeTmp/src.c:1:0: warning: ignoring #pragma   [-Wunknown-pragmas]
 #pragma
 
cc1: warning: unrecognized command line option ‘-Wno-implicit-fallthrough’
Linking C executable cmTC_aa066
/usr/bin/cmake -E cmake_link_script CMakeFiles/cmTC_aa066.dir/link.txt --verbose=1
/usr/bin/cc     -fsigned-char -W -Wall -Werror=return-type -Werror=non-virtual-dtor -Werror=address -Werror=sequence-point -Wformat -Werror=format-security   -Wstrict-prototypes -Wundef -Winit-self -Wpointer-arith  -Wuninitialized -Winit-self -Wno-narrowing -Wno-comment -fdiagnostics-show-option -pthread -fomit-frame-pointer -ffunction-sections -fdata-sections  -mfp16-format=ieee -fvisibility=hidden -Wno-unused-variable -Wno-unused-function -Wno-shadow -Wno-maybe-uninitialized -Wno-missing-prototypes -Wno-missing-declarations  -O3 -DNDEBUG    -Wl,--gc-sections  CMakeFiles/cmTC_aa066.dir/src.c.o  -o cmTC_aa066 -rdynamic 
make[1]: Leaving directory '/home/pi/interactive_faces/code/node_modules/opencv-build/opencv/build/CMakeFiles/CMakeTmp'

===== END =====

Build output check failed:
    Regex: 'unrecognized .*option'
    Output line: 'cc1plus: warning: unrecognized command line option ‘-Wno-inconsistent-missing-override’'
Compilation failed:
    source file: '/home/pi/interactive_faces/code/node_modules/opencv-build/opencv/build/CMakeFiles/CMakeTmp/src.cxx'
    check option: ' -Wno-inconsistent-missing-override'
===== BUILD LOG =====
Change Dir: /home/pi/interactive_faces/code/node_modules/opencv-build/opencv/build/CMakeFiles/CMakeTmp

Run Build Command:"/usr/bin/make" "cmTC_ae87e/fast"
/usr/bin/make -f CMakeFiles/cmTC_ae87e.dir/build.make CMakeFiles/cmTC_ae87e.dir/build
make[1]: Entering directory '/home/pi/interactive_faces/code/node_modules/opencv-build/opencv/build/CMakeFiles/CMakeTmp'
Building CXX object CMakeFiles/cmTC_ae87e.dir/src.cxx.o
/usr/bin/c++     -fsigned-char -W -Wall -Werror=return-type -Werror=non-virtual-dtor -Werror=address -Werror=sequence-point -Wformat -Werror=format-security   -Winit-self -Wpointer-arith  -Wsign-promo  -Winit-self -Wno-narrowing -Wno-delete-non-virtual-dtor -Wno-comment -fdiagnostics-show-option -pthread -fomit-frame-pointer -ffunction-sections -fdata-sections  -mfp16-format=ieee -fvisibility=hidden -fvisibility-inlines-hidden -Wno-shadow -Wno-unused -Wno-sign-compare -Wno-undef -Wno-missing-declarations -Wno-uninitialized -Wno-switch -Wno-parentheses -Wno-array-bounds -Wno-extra -Wno-deprecated-declarations -Wno-misleading-indentation -Wno-deprecated -Wno-suggest-override  -O3 -DNDEBUG -fPIE   -Wno-inconsistent-missing-override -o CMakeFiles/cmTC_ae87e.dir/src.cxx.o -c /home/pi/interactive_faces/code/node_modules/opencv-build/opencv/build/CMakeFiles/CMakeTmp/src.cxx
/home/pi/interactive_faces/code/node_modules/opencv-build/opencv/build/CMakeFiles/CMakeTmp/src.cxx:1:0: warning: ignoring #pragma   [-Wunknown-pragmas]
 #pragma
 
cc1plus: warning: unrecognized command line option ‘-Wno-inconsistent-missing-override’
Linking CXX executable cmTC_ae87e
/usr/bin/cmake -E cmake_link_script CMakeFiles/cmTC_ae87e.dir/link.txt --verbose=1
/usr/bin/c++      -fsigned-char -W -Wall -Werror=return-type -Werror=non-virtual-dtor -Werror=address -Werror=sequence-point -Wformat -Werror=format-security   -Winit-self -Wpointer-arith  -Wsign-promo  -Winit-self -Wno-narrowing -Wno-delete-non-virtual-dtor -Wno-comment -fdiagnostics-show-option -pthread -fomit-frame-pointer -ffunction-sections -fdata-sections  -mfp16-format=ieee -fvisibility=hidden -fvisibility-inlines-hidden -Wno-shadow -Wno-unused -Wno-sign-compare -Wno-undef -Wno-missing-declarations -Wno-uninitialized -Wno-switch -Wno-parentheses -Wno-array-bounds -Wno-extra -Wno-deprecated-declarations -Wno-misleading-indentation -Wno-deprecated -Wno-suggest-override  -O3 -DNDEBUG    -Wl,--gc-sections  CMakeFiles/cmTC_ae87e.dir/src.cxx.o  -o cmTC_ae87e -rdynamic 
make[1]: Leaving directory '/home/pi/interactive_faces/code/node_modules/opencv-build/opencv/build/CMakeFiles/CMakeTmp'

===== END =====

Build output check failed:
    Regex: 'unrecognized .*option'
    Output line: 'cc1plus: warning: unrecognized command line option ‘-Wno-implicit-fallthrough’'
Compilation failed:
    source file: '/home/pi/interactive_faces/code/node_modules/opencv-build/opencv/build/CMakeFiles/CMakeTmp/src.cxx'
    check option: ' -Wno-implicit-fallthrough'
===== BUILD LOG =====
Change Dir: /home/pi/interactive_faces/code/node_modules/opencv-build/opencv/build/CMakeFiles/CMakeTmp

Run Build Command:"/usr/bin/make" "cmTC_eb88c/fast"
/usr/bin/make -f CMakeFiles/cmTC_eb88c.dir/build.make CMakeFiles/cmTC_eb88c.dir/build
make[1]: Entering directory '/home/pi/interactive_faces/code/node_modules/opencv-build/opencv/build/CMakeFiles/CMakeTmp'
Building CXX object CMakeFiles/cmTC_eb88c.dir/src.cxx.o
/usr/bin/c++     -fsigned-char -W -Wall -Werror=return-type -Werror=non-virtual-dtor -Werror=address -Werror=sequence-point -Wformat -Werror=format-security   -Winit-self -Wpointer-arith  -Wsign-promo  -Winit-self -Wno-narrowing -Wno-delete-non-virtual-dtor -Wno-comment -fdiagnostics-show-option -pthread -fomit-frame-pointer -ffunction-sections -fdata-sections  -mfp16-format=ieee -fvisibility=hidden -fvisibility-inlines-hidden -Wno-shadow -Wno-unused -Wno-sign-compare -Wno-undef -Wno-missing-declarations -Wno-uninitialized -Wno-switch -Wno-parentheses -Wno-array-bounds -Wno-extra -Wno-deprecated-declarations -Wno-misleading-indentation -Wno-deprecated -Wno-suggest-override  -O3 -DNDEBUG -fPIE   -Wno-implicit-fallthrough -o CMakeFiles/cmTC_eb88c.dir/src.cxx.o -c /home/pi/interactive_faces/code/node_modules/opencv-build/opencv/build/CMakeFiles/CMakeTmp/src.cxx
/home/pi/interactive_faces/code/node_modules/opencv-build/opencv/build/CMakeFiles/CMakeTmp/src.cxx:1:0: warning: ignoring #pragma   [-Wunknown-pragmas]
 #pragma
 
cc1plus: warning: unrecognized command line option ‘-Wno-implicit-fallthrough’
Linking CXX executable cmTC_eb88c
/usr/bin/cmake -E cmake_link_script CMakeFiles/cmTC_eb88c.dir/link.txt --verbose=1
/usr/bin/c++      -fsigned-char -W -Wall -Werror=return-type -Werror=non-virtual-dtor -Werror=address -Werror=sequence-point -Wformat -Werror=format-security   -Winit-self -Wpointer-arith  -Wsign-promo  -Winit-self -Wno-narrowing -Wno-delete-non-virtual-dtor -Wno-comment -fdiagnostics-show-option -pthread -fomit-frame-pointer -ffunction-sections -fdata-sections  -mfp16-format=ieee -fvisibility=hidden -fvisibility-inlines-hidden -Wno-shadow -Wno-unused -Wno-sign-compare -Wno-undef -Wno-missing-declarations -Wno-uninitialized -Wno-switch -Wno-parentheses -Wno-array-bounds -Wno-extra -Wno-deprecated-declarations -Wno-misleading-indentation -Wno-deprecated -Wno-suggest-override  -O3 -DNDEBUG    -Wl,--gc-sections  CMakeFiles/cmTC_eb88c.dir/src.cxx.o  -o cmTC_eb88c -rdynamic 
make[1]: Leaving directory '/home/pi/interactive_faces/code/node_modules/opencv-build/opencv/build/CMakeFiles/CMakeTmp'

===== END =====

Determining if the include file linux/videodev.h exists failed with the following output:
Change Dir: /home/pi/interactive_faces/code/node_modules/opencv-build/opencv/build/CMakeFiles/CMakeTmp

Run Build Command:"/usr/bin/make" "cmTC_baab0/fast"
/usr/bin/make -f CMakeFiles/cmTC_baab0.dir/build.make CMakeFiles/cmTC_baab0.dir/build
make[1]: Entering directory '/home/pi/interactive_faces/code/node_modules/opencv-build/opencv/build/CMakeFiles/CMakeTmp'
Building C object CMakeFiles/cmTC_baab0.dir/CheckIncludeFile.c.o
/usr/bin/cc    -fsigned-char -W -Wall -Werror=return-type -Werror=non-virtual-dtor -Werror=address -Werror=sequence-point -Wformat -Werror=format-security -Wmissing-declarations -Wmissing-prototypes -Wstrict-prototypes -Wundef -Winit-self -Wpointer-arith -Wshadow -Wuninitialized -Winit-self -Wno-narrowing -Wno-comment -fdiagnostics-show-option -pthread -fomit-frame-pointer -ffunction-sections -fdata-sections  -mfp16-format=ieee -fvisibility=hidden  -O3 -DNDEBUG -fPIE   -o CMakeFiles/cmTC_baab0.dir/CheckIncludeFile.c.o   -c /home/pi/interactive_faces/code/node_modules/opencv-build/opencv/build/CMakeFiles/CMakeTmp/CheckIncludeFile.c
/home/pi/interactive_faces/code/node_modules/opencv-build/opencv/build/CMakeFiles/CMakeTmp/CheckIncludeFile.c:1:28: fatal error: linux/videodev.h: No such file or directory
 #include <linux/videodev.h>
                            ^
compilation terminated.
CMakeFiles/cmTC_baab0.dir/build.make:65: recipe for target 'CMakeFiles/cmTC_baab0.dir/CheckIncludeFile.c.o' failed
make[1]: *** [CMakeFiles/cmTC_baab0.dir/CheckIncludeFile.c.o] Error 1
make[1]: Leaving directory '/home/pi/interactive_faces/code/node_modules/opencv-build/opencv/build/CMakeFiles/CMakeTmp'
Makefile:126: recipe for target 'cmTC_baab0/fast' failed
make: *** [cmTC_baab0/fast] Error 2


Determining if the include file sys/videoio.h exists failed with the following output:
Change Dir: /home/pi/interactive_faces/code/node_modules/opencv-build/opencv/build/CMakeFiles/CMakeTmp

Run Build Command:"/usr/bin/make" "cmTC_2711f/fast"
/usr/bin/make -f CMakeFiles/cmTC_2711f.dir/build.make CMakeFiles/cmTC_2711f.dir/build
make[1]: Entering directory '/home/pi/interactive_faces/code/node_modules/opencv-build/opencv/build/CMakeFiles/CMakeTmp'
Building C object CMakeFiles/cmTC_2711f.dir/CheckIncludeFile.c.o
/usr/bin/cc    -fsigned-char -W -Wall -Werror=return-type -Werror=non-virtual-dtor -Werror=address -Werror=sequence-point -Wformat -Werror=format-security -Wmissing-declarations -Wmissing-prototypes -Wstrict-prototypes -Wundef -Winit-self -Wpointer-arith -Wshadow -Wuninitialized -Winit-self -Wno-narrowing -Wno-comment -fdiagnostics-show-option -pthread -fomit-frame-pointer -ffunction-sections -fdata-sections  -mfp16-format=ieee -fvisibility=hidden  -O3 -DNDEBUG -fPIE   -o CMakeFiles/cmTC_2711f.dir/CheckIncludeFile.c.o   -c /home/pi/interactive_faces/code/node_modules/opencv-build/opencv/build/CMakeFiles/CMakeTmp/CheckIncludeFile.c
/home/pi/interactive_faces/code/node_modules/opencv-build/opencv/build/CMakeFiles/CMakeTmp/CheckIncludeFile.c:1:25: fatal error: sys/videoio.h: No such file or directory
 #include <sys/videoio.h>
                         ^
compilation terminated.
CMakeFiles/cmTC_2711f.dir/build.make:65: recipe for target 'CMakeFiles/cmTC_2711f.dir/CheckIncludeFile.c.o' failed
make[1]: *** [CMakeFiles/cmTC_2711f.dir/CheckIncludeFile.c.o] Error 1
make[1]: Leaving directory '/home/pi/interactive_faces/code/node_modules/opencv-build/opencv/build/CMakeFiles/CMakeTmp'
Makefile:126: recipe for target 'cmTC_2711f/fast' failed
make: *** [cmTC_2711f/fast] Error 2


Build output check failed:
    Regex: 'command line option .* is valid for .* but not for C\+\+'
    Output line: 'cc1plus: warning: command line option ‘-Wno-missing-prototypes’ is valid for C/ObjC but not for C++'
Compilation failed:
    source file: '/home/pi/interactive_faces/code/node_modules/opencv-build/opencv/build/CMakeFiles/CMakeTmp/src.cxx'
    check option: ' -Wno-missing-prototypes'
===== BUILD LOG =====
Change Dir: /home/pi/interactive_faces/code/node_modules/opencv-build/opencv/build/CMakeFiles/CMakeTmp

Run Build Command:"/usr/bin/make" "cmTC_c1e1d/fast"
/usr/bin/make -f CMakeFiles/cmTC_c1e1d.dir/build.make CMakeFiles/cmTC_c1e1d.dir/build
make[1]: Entering directory '/home/pi/interactive_faces/code/node_modules/opencv-build/opencv/build/CMakeFiles/CMakeTmp'
Building CXX object CMakeFiles/cmTC_c1e1d.dir/src.cxx.o
/usr/bin/c++     -fsigned-char -W -Wall -Werror=return-type -Werror=non-virtual-dtor -Werror=address -Werror=sequence-point -Wformat -Werror=format-security -Wmissing-declarations -Wundef -Winit-self -Wpointer-arith -Wshadow -Wsign-promo -Wuninitialized -Winit-self -Wno-narrowing -Wno-delete-non-virtual-dtor -Wno-comment -fdiagnostics-show-option -pthread -fomit-frame-pointer -ffunction-sections -fdata-sections  -mfp16-format=ieee -fvisibility=hidden -fvisibility-inlines-hidden -Wno-deprecated  -O3 -DNDEBUG -fPIE   -Wno-missing-prototypes -o CMakeFiles/cmTC_c1e1d.dir/src.cxx.o -c /home/pi/interactive_faces/code/node_modules/opencv-build/opencv/build/CMakeFiles/CMakeTmp/src.cxx
cc1plus: warning: command line option ‘-Wno-missing-prototypes’ is valid for C/ObjC but not for C++
/home/pi/interactive_faces/code/node_modules/opencv-build/opencv/build/CMakeFiles/CMakeTmp/src.cxx:1:0: warning: ignoring #pragma   [-Wunknown-pragmas]
 #pragma
 
Linking CXX executable cmTC_c1e1d
/usr/bin/cmake -E cmake_link_script CMakeFiles/cmTC_c1e1d.dir/link.txt --verbose=1
/usr/bin/c++      -fsigned-char -W -Wall -Werror=return-type -Werror=non-virtual-dtor -Werror=address -Werror=sequence-point -Wformat -Werror=format-security -Wmissing-declarations -Wundef -Winit-self -Wpointer-arith -Wshadow -Wsign-promo -Wuninitialized -Winit-self -Wno-narrowing -Wno-delete-non-virtual-dtor -Wno-comment -fdiagnostics-show-option -pthread -fomit-frame-pointer -ffunction-sections -fdata-sections  -mfp16-format=ieee -fvisibility=hidden -fvisibility-inlines-hidden -Wno-deprecated  -O3 -DNDEBUG    -Wl,--gc-sections  CMakeFiles/cmTC_c1e1d.dir/src.cxx.o  -o cmTC_c1e1d -rdynamic 
make[1]: Leaving directory '/home/pi/interactive_faces/code/node_modules/opencv-build/opencv/build/CMakeFiles/CMakeTmp'

===== END =====

Build output check failed:
    Regex: 'unrecognized .*option'
    Output line: 'cc1plus: warning: unrecognized command line option ‘-Wno-tautological-undefined-compare’'
Compilation failed:
    source file: '/home/pi/interactive_faces/code/node_modules/opencv-build/opencv/build/CMakeFiles/CMakeTmp/src.cxx'
    check option: ' -Wno-tautological-undefined-compare'
===== BUILD LOG =====
Change Dir: /home/pi/interactive_faces/code/node_modules/opencv-build/opencv/build/CMakeFiles/CMakeTmp

Run Build Command:"/usr/bin/make" "cmTC_50c83/fast"
/usr/bin/make -f CMakeFiles/cmTC_50c83.dir/build.make CMakeFiles/cmTC_50c83.dir/build
make[1]: Entering directory '/home/pi/interactive_faces/code/node_modules/opencv-build/opencv/build/CMakeFiles/CMakeTmp'
Building CXX object CMakeFiles/cmTC_50c83.dir/src.cxx.o
/usr/bin/c++     -fsigned-char -W -Wall -Werror=return-type -Werror=non-virtual-dtor -Werror=address -Werror=sequence-point -Wformat -Werror=format-security   -Winit-self -Wpointer-arith   -Wuninitialized -Winit-self -Wno-narrowing -Wno-delete-non-virtual-dtor -Wno-comment -fdiagnostics-show-option -pthread -fomit-frame-pointer -ffunction-sections -fdata-sections  -mfp16-format=ieee -fvisibility=hidden -fvisibility-inlines-hidden -Wno-deprecated -Wno-missing-declarations -Wno-shadow -Wno-unused-parameter -Wno-unused-local-typedefs -Wno-sign-compare -Wno-sign-promo -Wno-undef  -O3 -DNDEBUG -fPIE   -Wno-tautological-undefined-compare -o CMakeFiles/cmTC_50c83.dir/src.cxx.o -c /home/pi/interactive_faces/code/node_modules/opencv-build/opencv/build/CMakeFiles/CMakeTmp/src.cxx
/home/pi/interactive_faces/code/node_modules/opencv-build/opencv/build/CMakeFiles/CMakeTmp/src.cxx:1:0: warning: ignoring #pragma   [-Wunknown-pragmas]
 #pragma
 
cc1plus: warning: unrecognized command line option ‘-Wno-tautological-undefined-compare’
Linking CXX executable cmTC_50c83
/usr/bin/cmake -E cmake_link_script CMakeFiles/cmTC_50c83.dir/link.txt --verbose=1
/usr/bin/c++      -fsigned-char -W -Wall -Werror=return-type -Werror=non-virtual-dtor -Werror=address -Werror=sequence-point -Wformat -Werror=format-security   -Winit-self -Wpointer-arith   -Wuninitialized -Winit-self -Wno-narrowing -Wno-delete-non-virtual-dtor -Wno-comment -fdiagnostics-show-option -pthread -fomit-frame-pointer -ffunction-sections -fdata-sections  -mfp16-format=ieee -fvisibility=hidden -fvisibility-inlines-hidden -Wno-deprecated -Wno-missing-declarations -Wno-shadow -Wno-unused-parameter -Wno-unused-local-typedefs -Wno-sign-compare -Wno-sign-promo -Wno-undef  -O3 -DNDEBUG    -Wl,--gc-sections  CMakeFiles/cmTC_50c83.dir/src.cxx.o  -o cmTC_50c83 -rdynamic 
make[1]: Leaving directory '/home/pi/interactive_faces/code/node_modules/opencv-build/opencv/build/CMakeFiles/CMakeTmp'

===== END =====

Build output check failed:
    Regex: 'unrecognized .*option'
    Output line: 'cc1plus: warning: unrecognized command line option ‘-Wno-shorten-64-to-32’'
Compilation failed:
    source file: '/home/pi/interactive_faces/code/node_modules/opencv-build/opencv/build/CMakeFiles/CMakeTmp/src.cxx'
    check option: ' -Wno-shorten-64-to-32'
===== BUILD LOG =====
Change Dir: /home/pi/interactive_faces/code/node_modules/opencv-build/opencv/build/CMakeFiles/CMakeTmp

Run Build Command:"/usr/bin/make" "cmTC_7b9ad/fast"
/usr/bin/make -f CMakeFiles/cmTC_7b9ad.dir/build.make CMakeFiles/cmTC_7b9ad.dir/build
make[1]: Entering directory '/home/pi/interactive_faces/code/node_modules/opencv-build/opencv/build/CMakeFiles/CMakeTmp'
Building CXX object CMakeFiles/cmTC_7b9ad.dir/src.cxx.o
/usr/bin/c++     -fsigned-char -W -Wall -Werror=return-type -Werror=non-virtual-dtor -Werror=address -Werror=sequence-point -Wformat -Werror=format-security   -Winit-self -Wpointer-arith   -Wuninitialized -Winit-self -Wno-narrowing -Wno-delete-non-virtual-dtor -Wno-comment -fdiagnostics-show-option -pthread -fomit-frame-pointer -ffunction-sections -fdata-sections  -mfp16-format=ieee -fvisibility=hidden -fvisibility-inlines-hidden -Wno-deprecated -Wno-missing-declarations -Wno-shadow -Wno-unused-parameter -Wno-unused-local-typedefs -Wno-sign-compare -Wno-sign-promo -Wno-undef -Wno-ignored-qualifiers -Wno-extra -Wno-unused-function -Wno-unused-const-variable  -O3 -DNDEBUG -fPIE   -Wno-shorten-64-to-32 -o CMakeFiles/cmTC_7b9ad.dir/src.cxx.o -c /home/pi/interactive_faces/code/node_modules/opencv-build/opencv/build/CMakeFiles/CMakeTmp/src.cxx
/home/pi/interactive_faces/code/node_modules/opencv-build/opencv/build/CMakeFiles/CMakeTmp/src.cxx:1:0: warning: ignoring #pragma   [-Wunknown-pragmas]
 #pragma
 
cc1plus: warning: unrecognized command line option ‘-Wno-shorten-64-to-32’
Linking CXX executable cmTC_7b9ad
/usr/bin/cmake -E cmake_link_script CMakeFiles/cmTC_7b9ad.dir/link.txt --verbose=1
/usr/bin/c++      -fsigned-char -W -Wall -Werror=return-type -Werror=non-virtual-dtor -Werror=address -Werror=sequence-point -Wformat -Werror=format-security   -Winit-self -Wpointer-arith   -Wuninitialized -Winit-self -Wno-narrowing -Wno-delete-non-virtual-dtor -Wno-comment -fdiagnostics-show-option -pthread -fomit-frame-pointer -ffunction-sections -fdata-sections  -mfp16-format=ieee -fvisibility=hidden -fvisibility-inlines-hidden -Wno-deprecated -Wno-missing-declarations -Wno-shadow -Wno-unused-parameter -Wno-unused-local-typedefs -Wno-sign-compare -Wno-sign-promo -Wno-undef -Wno-ignored-qualifiers -Wno-extra -Wno-unused-function -Wno-unused-const-variable  -O3 -DNDEBUG    -Wl,--gc-sections  CMakeFiles/cmTC_7b9ad.dir/src.cxx.o  -o cmTC_7b9ad -rdynamic 
make[1]: Leaving directory '/home/pi/interactive_faces/code/node_modules/opencv-build/opencv/build/CMakeFiles/CMakeTmp'

===== END =====

Build output check failed:
    Regex: 'unrecognized .*option'
    Output line: 'cc1plus: warning: unrecognized command line option ‘-Wno-enum-compare-switch’'
Compilation failed:
    source file: '/home/pi/interactive_faces/code/node_modules/opencv-build/opencv/build/CMakeFiles/CMakeTmp/src.cxx'
    check option: ' -Wno-enum-compare-switch'
===== BUILD LOG =====
Change Dir: /home/pi/interactive_faces/code/node_modules/opencv-build/opencv/build/CMakeFiles/CMakeTmp

Run Build Command:"/usr/bin/make" "cmTC_1a9e8/fast"
/usr/bin/make -f CMakeFiles/cmTC_1a9e8.dir/build.make CMakeFiles/cmTC_1a9e8.dir/build
make[1]: Entering directory '/home/pi/interactive_faces/code/node_modules/opencv-build/opencv/build/CMakeFiles/CMakeTmp'
Building CXX object CMakeFiles/cmTC_1a9e8.dir/src.cxx.o
/usr/bin/c++     -fsigned-char -W -Wall -Werror=return-type -Werror=non-virtual-dtor -Werror=address -Werror=sequence-point -Wformat -Werror=format-security   -Winit-self -Wpointer-arith   -Wuninitialized -Winit-self -Wno-narrowing -Wno-delete-non-virtual-dtor -Wno-comment -fdiagnostics-show-option -pthread -fomit-frame-pointer -ffunction-sections -fdata-sections  -mfp16-format=ieee -fvisibility=hidden -fvisibility-inlines-hidden -Wno-deprecated -Wno-missing-declarations -Wno-shadow -Wno-unused-parameter -Wno-unused-local-typedefs -Wno-sign-compare -Wno-sign-promo -Wno-undef -Wno-ignored-qualifiers -Wno-extra -Wno-unused-function -Wno-unused-const-variable -Wno-invalid-offsetof  -O3 -DNDEBUG -fPIE   -Wno-enum-compare-switch -o CMakeFiles/cmTC_1a9e8.dir/src.cxx.o -c /home/pi/interactive_faces/code/node_modules/opencv-build/opencv/build/CMakeFiles/CMakeTmp/src.cxx
/home/pi/interactive_faces/code/node_modules/opencv-build/opencv/build/CMakeFiles/CMakeTmp/src.cxx:1:0: warning: ignoring #pragma   [-Wunknown-pragmas]
 #pragma
 
cc1plus: warning: unrecognized command line option ‘-Wno-enum-compare-switch’
Linking CXX executable cmTC_1a9e8
/usr/bin/cmake -E cmake_link_script CMakeFiles/cmTC_1a9e8.dir/link.txt --verbose=1
/usr/bin/c++      -fsigned-char -W -Wall -Werror=return-type -Werror=non-virtual-dtor -Werror=address -Werror=sequence-point -Wformat -Werror=format-security   -Winit-self -Wpointer-arith   -Wuninitialized -Winit-self -Wno-narrowing -Wno-delete-non-virtual-dtor -Wno-comment -fdiagnostics-show-option -pthread -fomit-frame-pointer -ffunction-sections -fdata-sections  -mfp16-format=ieee -fvisibility=hidden -fvisibility-inlines-hidden -Wno-deprecated -Wno-missing-declarations -Wno-shadow -Wno-unused-parameter -Wno-unused-local-typedefs -Wno-sign-compare -Wno-sign-promo -Wno-undef -Wno-ignored-qualifiers -Wno-extra -Wno-unused-function -Wno-unused-const-variable -Wno-invalid-offsetof  -O3 -DNDEBUG    -Wl,--gc-sections  CMakeFiles/cmTC_1a9e8.dir/src.cxx.o  -o cmTC_1a9e8 -rdynamic 
make[1]: Leaving directory '/home/pi/interactive_faces/code/node_modules/opencv-build/opencv/build/CMakeFiles/CMakeTmp'

===== END =====

